[debug] [2023-01-24T00:05:31.004Z] ----------------------------------------------------------------------
[debug] [2023-01-24T00:05:31.006Z] Command:       /usr/local/bin/firebase /home/ed/.cache/firebase/tools/lib/node_modules/firebase-tools/lib/bin/firebase init
[debug] [2023-01-24T00:05:31.006Z] CLI Version:   11.1.0
[debug] [2023-01-24T00:05:31.006Z] Platform:      linux
[debug] [2023-01-24T00:05:31.006Z] Node Version:  v16.15.0
[debug] [2023-01-24T00:05:31.006Z] Time:          Mon Jan 23 2023 19:05:31 GMT-0500 (Eastern Standard Time)
[debug] [2023-01-24T00:05:31.007Z] ----------------------------------------------------------------------
[debug] 
[debug] [2023-01-24T00:05:31.055Z] > command requires scopes: ["email","openid","https://www.googleapis.com/auth/cloudplatformprojects.readonly","https://www.googleapis.com/auth/firebase","https://www.googleapis.com/auth/cloud-platform"]
[debug] [2023-01-24T00:05:31.055Z] > authorizing via signed-in user (ed@oconnor.app)
[info] 
     ######## #### ########  ######## ########     ###     ######  ########
     ##        ##  ##     ## ##       ##     ##  ##   ##  ##       ##
     ######    ##  ########  ######   ########  #########  ######  ######
     ##        ##  ##    ##  ##       ##     ## ##     ##       ## ##
     ##       #### ##     ## ######## ########  ##     ##  ######  ########

You're about to initialize a Firebase project in this directory:

  /home/ed/client

Before we get started, keep in mind:

  * You are initializing within an existing Firebase project directory

